2025-06-11 13:25:08.030 [main] INFO  com.superlawva.BackApplication - Starting BackApplication using Java 17.0.13 with PID 23356 (C:\Users\user\Documents\BE\SuperLawVA\back\build\classes\java\main started by user in C:\Users\user\Documents\BE\SuperLawVA\back)
2025-06-11 13:25:08.033 [main] INFO  com.superlawva.BackApplication - No active profile set, falling back to 1 default profile: "default"
2025-06-11 13:25:08.220 [main] WARN  o.s.b.w.s.c.AnnotationConfigServletWebServerApplicationContext - Exception encountered during context initialization - cancelling refresh attempt: org.springframework.beans.factory.BeanDefinitionStoreException: Failed to parse configuration class [com.superlawva.BackApplication]
2025-06-11 13:25:08.252 [main] ERROR o.s.boot.SpringApplication - Application run failed
org.springframework.beans.factory.BeanDefinitionStoreException: Failed to parse configuration class [com.superlawva.BackApplication]
	at org.springframework.context.annotation.ConfigurationClassParser.parse(ConfigurationClassParser.java:179)
	at org.springframework.context.annotation.ConfigurationClassPostProcessor.processConfigBeanDefinitions(ConfigurationClassPostProcessor.java:417)
	at org.springframework.context.annotation.ConfigurationClassPostProcessor.postProcessBeanDefinitionRegistry(ConfigurationClassPostProcessor.java:290)
	at org.springframework.context.support.PostProcessorRegistrationDelegate.invokeBeanDefinitionRegistryPostProcessors(PostProcessorRegistrationDelegate.java:349)
	at org.springframework.context.support.PostProcessorRegistrationDelegate.invokeBeanFactoryPostProcessors(PostProcessorRegistrationDelegate.java:118)
	at org.springframework.context.support.AbstractApplicationContext.invokeBeanFactoryPostProcessors(AbstractApplicationContext.java:788)
	at org.springframework.context.support.AbstractApplicationContext.refresh(AbstractApplicationContext.java:606)
	at org.springframework.boot.web.servlet.context.ServletWebServerApplicationContext.refresh(ServletWebServerApplicationContext.java:146)
	at org.springframework.boot.SpringApplication.refresh(SpringApplication.java:754)
	at org.springframework.boot.SpringApplication.refreshContext(SpringApplication.java:456)
	at org.springframework.boot.SpringApplication.run(SpringApplication.java:335)
	at org.springframework.boot.SpringApplication.run(SpringApplication.java:1363)
	at org.springframework.boot.SpringApplication.run(SpringApplication.java:1352)
	at com.superlawva.BackApplication.main(BackApplication.java:10)
Caused by: org.springframework.context.annotation.ConflictingBeanDefinitionException: Annotation-specified bean name 'emailVerificationController' for bean class [com.superlawva.global.verification.controller.EmailVerificationController] conflicts with existing, non-compatible bean definition of same name and class [com.superlawva.domain.user.controller.EmailVerificationController]
	at org.springframework.context.annotation.ClassPathBeanDefinitionScanner.checkCandidate(ClassPathBeanDefinitionScanner.java:361)
	at org.springframework.context.annotation.ClassPathBeanDefinitionScanner.doScan(ClassPathBeanDefinitionScanner.java:288)
	at org.springframework.context.annotation.ComponentScanAnnotationParser.parse(ComponentScanAnnotationParser.java:128)
	at org.springframework.context.annotation.ConfigurationClassParser.doProcessConfigurationClass(ConfigurationClassParser.java:306)
	at org.springframework.context.annotation.ConfigurationClassParser.processConfigurationClass(ConfigurationClassParser.java:246)
	at org.springframework.context.annotation.ConfigurationClassParser.parse(ConfigurationClassParser.java:197)
	at org.springframework.context.annotation.ConfigurationClassParser.parse(ConfigurationClassParser.java:165)
	... 13 common frames omitted
2025-06-11 13:27:08.290 [main] INFO  com.superlawva.BackApplication - Starting BackApplication using Java 17.0.13 with PID 23480 (C:\Users\user\Documents\BE\SuperLawVA\back\build\classes\java\main started by user in C:\Users\user\Documents\BE\SuperLawVA\back)
2025-06-11 13:27:08.292 [main] INFO  com.superlawva.BackApplication - No active profile set, falling back to 1 default profile: "default"
2025-06-11 13:27:08.469 [main] WARN  o.s.b.w.s.c.AnnotationConfigServletWebServerApplicationContext - Exception encountered during context initialization - cancelling refresh attempt: org.springframework.beans.factory.BeanDefinitionStoreException: Failed to parse configuration class [com.superlawva.BackApplication]
2025-06-11 13:27:08.499 [main] ERROR o.s.boot.SpringApplication - Application run failed
org.springframework.beans.factory.BeanDefinitionStoreException: Failed to parse configuration class [com.superlawva.BackApplication]
	at org.springframework.context.annotation.ConfigurationClassParser.parse(ConfigurationClassParser.java:179)
	at org.springframework.context.annotation.ConfigurationClassPostProcessor.processConfigBeanDefinitions(ConfigurationClassPostProcessor.java:417)
	at org.springframework.context.annotation.ConfigurationClassPostProcessor.postProcessBeanDefinitionRegistry(ConfigurationClassPostProcessor.java:290)
	at org.springframework.context.support.PostProcessorRegistrationDelegate.invokeBeanDefinitionRegistryPostProcessors(PostProcessorRegistrationDelegate.java:349)
	at org.springframework.context.support.PostProcessorRegistrationDelegate.invokeBeanFactoryPostProcessors(PostProcessorRegistrationDelegate.java:118)
	at org.springframework.context.support.AbstractApplicationContext.invokeBeanFactoryPostProcessors(AbstractApplicationContext.java:788)
	at org.springframework.context.support.AbstractApplicationContext.refresh(AbstractApplicationContext.java:606)
	at org.springframework.boot.web.servlet.context.ServletWebServerApplicationContext.refresh(ServletWebServerApplicationContext.java:146)
	at org.springframework.boot.SpringApplication.refresh(SpringApplication.java:754)
	at org.springframework.boot.SpringApplication.refreshContext(SpringApplication.java:456)
	at org.springframework.boot.SpringApplication.run(SpringApplication.java:335)
	at org.springframework.boot.SpringApplication.run(SpringApplication.java:1363)
	at org.springframework.boot.SpringApplication.run(SpringApplication.java:1352)
	at com.superlawva.BackApplication.main(BackApplication.java:10)
Caused by: org.springframework.context.annotation.ConflictingBeanDefinitionException: Annotation-specified bean name 'emailVerificationController' for bean class [com.superlawva.global.verification.controller.EmailVerificationController] conflicts with existing, non-compatible bean definition of same name and class [com.superlawva.domain.user.controller.EmailVerificationController]
	at org.springframework.context.annotation.ClassPathBeanDefinitionScanner.checkCandidate(ClassPathBeanDefinitionScanner.java:361)
	at org.springframework.context.annotation.ClassPathBeanDefinitionScanner.doScan(ClassPathBeanDefinitionScanner.java:288)
	at org.springframework.context.annotation.ComponentScanAnnotationParser.parse(ComponentScanAnnotationParser.java:128)
	at org.springframework.context.annotation.ConfigurationClassParser.doProcessConfigurationClass(ConfigurationClassParser.java:306)
	at org.springframework.context.annotation.ConfigurationClassParser.processConfigurationClass(ConfigurationClassParser.java:246)
	at org.springframework.context.annotation.ConfigurationClassParser.parse(ConfigurationClassParser.java:197)
	at org.springframework.context.annotation.ConfigurationClassParser.parse(ConfigurationClassParser.java:165)
	... 13 common frames omitted
2025-06-11 13:28:34.827 [main] INFO  com.superlawva.BackApplication - Starting BackApplication using Java 17.0.13 with PID 15776 (C:\Users\user\Documents\BE\SuperLawVA\back\build\classes\java\main started by user in C:\Users\user\Documents\BE\SuperLawVA\back)
2025-06-11 13:28:34.827 [main] INFO  com.superlawva.BackApplication - No active profile set, falling back to 1 default profile: "default"
2025-06-11 13:28:35.536 [main] INFO  o.s.d.r.c.RepositoryConfigurationDelegate - Bootstrapping Spring Data JPA repositories in DEFAULT mode.
2025-06-11 13:28:35.620 [main] INFO  o.s.d.r.c.RepositoryConfigurationDelegate - Finished Spring Data repository scanning in 76 ms. Found 12 JPA repository interfaces.
2025-06-11 13:28:36.055 [main] INFO  o.s.b.w.e.tomcat.TomcatWebServer - Tomcat initialized with port 8080 (http)
2025-06-11 13:28:36.065 [main] INFO  o.a.coyote.http11.Http11NioProtocol - Initializing ProtocolHandler ["http-nio-8080"]
2025-06-11 13:28:36.066 [main] INFO  o.a.catalina.core.StandardService - Starting service [Tomcat]
2025-06-11 13:28:36.067 [main] INFO  o.a.catalina.core.StandardEngine - Starting Servlet engine: [Apache Tomcat/10.1.24]
2025-06-11 13:28:36.124 [main] INFO  o.a.c.c.C.[Tomcat].[localhost].[/] - Initializing Spring embedded WebApplicationContext
2025-06-11 13:28:36.125 [main] INFO  o.s.b.w.s.c.ServletWebServerApplicationContext - Root WebApplicationContext: initialization completed in 1270 ms
2025-06-11 13:28:36.267 [main] INFO  o.h.jpa.internal.util.LogHelper - HHH000204: Processing PersistenceUnitInfo [name: default]
2025-06-11 13:28:36.352 [main] INFO  org.hibernate.Version - HHH000412: Hibernate ORM core version 6.5.2.Final
2025-06-11 13:28:36.388 [main] INFO  o.h.c.i.RegionFactoryInitiator - HHH000026: Second-level cache disabled
2025-06-11 13:28:36.726 [main] INFO  o.s.o.j.p.SpringPersistenceUnitInfo - No LoadTimeWeaver setup: ignoring JPA class transformer
2025-06-11 13:28:36.759 [main] INFO  com.zaxxer.hikari.HikariDataSource - HikariPool-1 - Starting...
2025-06-11 13:28:37.039 [main] INFO  com.zaxxer.hikari.pool.HikariPool - HikariPool-1 - Added connection com.mysql.cj.jdbc.ConnectionImpl@5939f047
2025-06-11 13:28:37.040 [main] INFO  com.zaxxer.hikari.HikariDataSource - HikariPool-1 - Start completed.
2025-06-11 13:28:37.128 [main] WARN  org.hibernate.orm.deprecation - HHH90000025: MySQLDialect does not need to be specified explicitly using 'hibernate.dialect' (remove the property setting and it will be selected by default)
2025-06-11 13:28:38.009 [main] INFO  o.h.e.t.j.p.i.JtaPlatformInitiator - HHH000489: No JTA platform available (set 'hibernate.transaction.jta.platform' to enable JTA platform integration)
2025-06-11 13:28:38.401 [main] INFO  o.s.o.j.LocalContainerEntityManagerFactoryBean - Initialized JPA EntityManagerFactory for persistence unit 'default'
2025-06-11 13:28:38.707 [main] WARN  o.s.b.w.s.c.AnnotationConfigServletWebServerApplicationContext - Exception encountered during context initialization - cancelling refresh attempt: org.springframework.beans.factory.UnsatisfiedDependencyException: Error creating bean with name 'emailVerificationController' defined in file [C:\Users\user\Documents\BE\SuperLawVA\back\build\classes\java\main\com\superlawva\domain\user\controller\EmailVerificationController.class]: Unsatisfied dependency expressed through constructor parameter 0: Error creating bean with name 'emailVerificationService' defined in file [C:\Users\user\Documents\BE\SuperLawVA\back\build\classes\java\main\com\superlawva\global\verification\service\EmailVerificationService.class]: Unsatisfied dependency expressed through constructor parameter 1: Error creating bean with name 'smtpMailSender' defined in file [C:\Users\user\Documents\BE\SuperLawVA\back\build\classes\java\main\com\superlawva\global\mail\SmtpMailSender.class]: Unsatisfied dependency expressed through constructor parameter 0: No qualifying bean of type 'org.springframework.mail.javamail.JavaMailSender' available: expected at least 1 bean which qualifies as autowire candidate. Dependency annotations: {}
2025-06-11 13:28:38.708 [main] INFO  o.s.o.j.LocalContainerEntityManagerFactoryBean - Closing JPA EntityManagerFactory for persistence unit 'default'
2025-06-11 13:28:38.710 [main] INFO  com.zaxxer.hikari.HikariDataSource - HikariPool-1 - Shutdown initiated...
2025-06-11 13:28:38.715 [main] INFO  com.zaxxer.hikari.HikariDataSource - HikariPool-1 - Shutdown completed.
2025-06-11 13:28:38.716 [main] INFO  o.a.catalina.core.StandardService - Stopping service [Tomcat]
2025-06-11 13:28:38.725 [main] INFO  o.s.b.a.l.ConditionEvaluationReportLogger - 

Error starting ApplicationContext. To display the condition evaluation report re-run your application with 'debug' enabled.
2025-06-11 13:28:38.742 [main] ERROR o.s.b.d.LoggingFailureAnalysisReporter - 

***************************
APPLICATION FAILED TO START
***************************

Description:

Parameter 0 of constructor in com.superlawva.global.mail.SmtpMailSender required a bean of type 'org.springframework.mail.javamail.JavaMailSender' that could not be found.


Action:

Consider defining a bean of type 'org.springframework.mail.javamail.JavaMailSender' in your configuration.

2025-06-11 13:31:22.460 [main] INFO  com.superlawva.BackApplication - Starting BackApplication using Java 17.0.13 with PID 2812 (C:\Users\user\Documents\BE\SuperLawVA\back\build\classes\java\main started by user in C:\Users\user\Documents\BE\SuperLawVA\back)
2025-06-11 13:31:22.461 [main] INFO  com.superlawva.BackApplication - No active profile set, falling back to 1 default profile: "default"
2025-06-11 13:31:23.040 [main] INFO  o.s.d.r.c.RepositoryConfigurationDelegate - Bootstrapping Spring Data JPA repositories in DEFAULT mode.
2025-06-11 13:31:23.108 [main] INFO  o.s.d.r.c.RepositoryConfigurationDelegate - Finished Spring Data repository scanning in 63 ms. Found 12 JPA repository interfaces.
2025-06-11 13:31:23.464 [main] INFO  o.s.b.w.e.tomcat.TomcatWebServer - Tomcat initialized with port 8080 (http)
2025-06-11 13:31:23.471 [main] INFO  o.a.coyote.http11.Http11NioProtocol - Initializing ProtocolHandler ["http-nio-8080"]
2025-06-11 13:31:23.472 [main] INFO  o.a.catalina.core.StandardService - Starting service [Tomcat]
2025-06-11 13:31:23.473 [main] INFO  o.a.catalina.core.StandardEngine - Starting Servlet engine: [Apache Tomcat/10.1.24]
2025-06-11 13:31:23.514 [main] INFO  o.a.c.c.C.[Tomcat].[localhost].[/] - Initializing Spring embedded WebApplicationContext
2025-06-11 13:31:23.515 [main] INFO  o.s.b.w.s.c.ServletWebServerApplicationContext - Root WebApplicationContext: initialization completed in 1025 ms
2025-06-11 13:31:23.623 [main] INFO  o.h.jpa.internal.util.LogHelper - HHH000204: Processing PersistenceUnitInfo [name: default]
2025-06-11 13:31:23.660 [main] INFO  org.hibernate.Version - HHH000412: Hibernate ORM core version 6.5.2.Final
2025-06-11 13:31:23.685 [main] INFO  o.h.c.i.RegionFactoryInitiator - HHH000026: Second-level cache disabled
2025-06-11 13:31:23.913 [main] INFO  o.s.o.j.p.SpringPersistenceUnitInfo - No LoadTimeWeaver setup: ignoring JPA class transformer
2025-06-11 13:31:23.932 [main] INFO  com.zaxxer.hikari.HikariDataSource - HikariPool-1 - Starting...
2025-06-11 13:31:24.131 [main] INFO  com.zaxxer.hikari.pool.HikariPool - HikariPool-1 - Added connection com.mysql.cj.jdbc.ConnectionImpl@264576e4
2025-06-11 13:31:24.133 [main] INFO  com.zaxxer.hikari.HikariDataSource - HikariPool-1 - Start completed.
2025-06-11 13:31:24.185 [main] WARN  org.hibernate.orm.deprecation - HHH90000025: MySQLDialect does not need to be specified explicitly using 'hibernate.dialect' (remove the property setting and it will be selected by default)
2025-06-11 13:31:24.933 [main] INFO  o.h.e.t.j.p.i.JtaPlatformInitiator - HHH000489: No JTA platform available (set 'hibernate.transaction.jta.platform' to enable JTA platform integration)
2025-06-11 13:31:25.039 [main] INFO  o.s.o.j.LocalContainerEntityManagerFactoryBean - Initialized JPA EntityManagerFactory for persistence unit 'default'
2025-06-11 13:31:25.399 [main] WARN  o.s.b.a.o.j.JpaBaseConfiguration$JpaWebConfiguration - spring.jpa.open-in-view is enabled by default. Therefore, database queries may be performed during view rendering. Explicitly configure spring.jpa.open-in-view to disable this warning
2025-06-11 13:31:25.468 [main] INFO  o.s.s.c.a.a.c.InitializeUserDetailsBeanManagerConfigurer$InitializeUserDetailsManagerConfigurer - Global AuthenticationManager configured with UserDetailsService bean with name customUserDetailsService
2025-06-11 13:31:25.719 [main] INFO  o.s.s.web.DefaultSecurityFilterChain - Will secure any request with [org.springframework.security.web.session.DisableEncodeUrlFilter@12b34bd5, org.springframework.security.web.context.request.async.WebAsyncManagerIntegrationFilter@17da6e45, org.springframework.security.web.context.SecurityContextHolderFilter@2daf650b, org.springframework.security.web.header.HeaderWriterFilter@49c3487f, org.springframework.web.filter.CorsFilter@6af10aa7, org.springframework.security.web.authentication.logout.LogoutFilter@16750a5e, org.springframework.security.oauth2.client.web.OAuth2AuthorizationRequestRedirectFilter@5576eef4, org.springframework.security.oauth2.client.web.OAuth2LoginAuthenticationFilter@2474331d, com.superlawva.global.security.filter.JwtAuthFilter@15eaa2ce, org.springframework.security.web.authentication.ui.DefaultLoginPageGeneratingFilter@6d5b160, org.springframework.security.web.authentication.ui.DefaultLogoutPageGeneratingFilter@1d0fae45, org.springframework.security.web.savedrequest.RequestCacheAwareFilter@5f1d270a, org.springframework.security.web.servletapi.SecurityContextHolderAwareRequestFilter@5180f430, org.springframework.security.web.authentication.AnonymousAuthenticationFilter@596343e7, org.springframework.security.web.session.SessionManagementFilter@63c07eaf, org.springframework.security.web.access.ExceptionTranslationFilter@316987c4, org.springframework.security.web.access.intercept.AuthorizationFilter@1014c825]
2025-06-11 13:31:25.971 [main] INFO  o.a.coyote.http11.Http11NioProtocol - Starting ProtocolHandler ["http-nio-8080"]
2025-06-11 13:31:25.981 [main] INFO  o.s.b.w.e.tomcat.TomcatWebServer - Tomcat started on port 8080 (http) with context path '/'
2025-06-11 13:31:25.989 [main] INFO  com.superlawva.BackApplication - Started BackApplication in 3.942 seconds (process running for 4.398)
2025-06-11 13:33:47.068 [SpringApplicationShutdownHook] INFO  o.s.o.j.LocalContainerEntityManagerFactoryBean - Closing JPA EntityManagerFactory for persistence unit 'default'
2025-06-11 13:33:47.069 [SpringApplicationShutdownHook] INFO  com.zaxxer.hikari.HikariDataSource - HikariPool-1 - Shutdown initiated...
2025-06-11 13:33:47.075 [SpringApplicationShutdownHook] INFO  com.zaxxer.hikari.HikariDataSource - HikariPool-1 - Shutdown completed.
2025-06-11 13:37:14.739 [main] INFO  com.superlawva.BackApplication - Starting BackApplication using Java 17.0.13 with PID 22464 (C:\Users\user\Documents\BE\SuperLawVA\back\build\classes\java\main started by user in C:\Users\user\Documents\BE\SuperLawVA\back)
2025-06-11 13:37:14.740 [main] INFO  com.superlawva.BackApplication - No active profile set, falling back to 1 default profile: "default"
2025-06-11 13:37:15.335 [main] INFO  o.s.d.r.c.RepositoryConfigurationDelegate - Bootstrapping Spring Data JPA repositories in DEFAULT mode.
2025-06-11 13:37:15.404 [main] INFO  o.s.d.r.c.RepositoryConfigurationDelegate - Finished Spring Data repository scanning in 64 ms. Found 12 JPA repository interfaces.
2025-06-11 13:37:15.776 [main] INFO  o.s.b.w.e.tomcat.TomcatWebServer - Tomcat initialized with port 8080 (http)
2025-06-11 13:37:15.783 [main] INFO  o.a.coyote.http11.Http11NioProtocol - Initializing ProtocolHandler ["http-nio-8080"]
2025-06-11 13:37:15.784 [main] INFO  o.a.catalina.core.StandardService - Starting service [Tomcat]
2025-06-11 13:37:15.785 [main] INFO  o.a.catalina.core.StandardEngine - Starting Servlet engine: [Apache Tomcat/10.1.24]
2025-06-11 13:37:15.829 [main] INFO  o.a.c.c.C.[Tomcat].[localhost].[/] - Initializing Spring embedded WebApplicationContext
2025-06-11 13:37:15.829 [main] INFO  o.s.b.w.s.c.ServletWebServerApplicationContext - Root WebApplicationContext: initialization completed in 1057 ms
2025-06-11 13:37:15.943 [main] INFO  o.h.jpa.internal.util.LogHelper - HHH000204: Processing PersistenceUnitInfo [name: default]
2025-06-11 13:37:15.986 [main] INFO  org.hibernate.Version - HHH000412: Hibernate ORM core version 6.5.2.Final
2025-06-11 13:37:16.013 [main] INFO  o.h.c.i.RegionFactoryInitiator - HHH000026: Second-level cache disabled
2025-06-11 13:37:16.243 [main] INFO  o.s.o.j.p.SpringPersistenceUnitInfo - No LoadTimeWeaver setup: ignoring JPA class transformer
2025-06-11 13:37:16.262 [main] INFO  com.zaxxer.hikari.HikariDataSource - HikariPool-1 - Starting...
2025-06-11 13:37:16.451 [main] INFO  com.zaxxer.hikari.pool.HikariPool - HikariPool-1 - Added connection com.mysql.cj.jdbc.ConnectionImpl@7b9c2387
2025-06-11 13:37:16.452 [main] INFO  com.zaxxer.hikari.HikariDataSource - HikariPool-1 - Start completed.
2025-06-11 13:37:16.493 [main] WARN  org.hibernate.orm.deprecation - HHH90000025: MySQLDialect does not need to be specified explicitly using 'hibernate.dialect' (remove the property setting and it will be selected by default)
2025-06-11 13:37:17.260 [main] INFO  o.h.e.t.j.p.i.JtaPlatformInitiator - HHH000489: No JTA platform available (set 'hibernate.transaction.jta.platform' to enable JTA platform integration)
2025-06-11 13:37:17.366 [main] INFO  o.s.o.j.LocalContainerEntityManagerFactoryBean - Initialized JPA EntityManagerFactory for persistence unit 'default'
2025-06-11 13:37:17.711 [main] WARN  o.s.b.a.o.j.JpaBaseConfiguration$JpaWebConfiguration - spring.jpa.open-in-view is enabled by default. Therefore, database queries may be performed during view rendering. Explicitly configure spring.jpa.open-in-view to disable this warning
2025-06-11 13:37:17.775 [main] INFO  o.s.s.c.a.a.c.InitializeUserDetailsBeanManagerConfigurer$InitializeUserDetailsManagerConfigurer - Global AuthenticationManager configured with UserDetailsService bean with name customUserDetailsService
2025-06-11 13:37:17.969 [main] INFO  o.s.s.web.DefaultSecurityFilterChain - Will secure any request with [org.springframework.security.web.session.DisableEncodeUrlFilter@47c06b1a, org.springframework.security.web.context.request.async.WebAsyncManagerIntegrationFilter@61799152, org.springframework.security.web.context.SecurityContextHolderFilter@62b3871, org.springframework.security.web.header.HeaderWriterFilter@50e336d9, org.springframework.web.filter.CorsFilter@5c39da9e, org.springframework.security.web.authentication.logout.LogoutFilter@34a48013, org.springframework.security.oauth2.client.web.OAuth2AuthorizationRequestRedirectFilter@571360b2, org.springframework.security.oauth2.client.web.OAuth2LoginAuthenticationFilter@ab5954d, com.superlawva.global.security.filter.JwtAuthFilter@e38b953, org.springframework.security.web.authentication.ui.DefaultLoginPageGeneratingFilter@238cac6, org.springframework.security.web.authentication.ui.DefaultLogoutPageGeneratingFilter@4a648b35, org.springframework.security.web.savedrequest.RequestCacheAwareFilter@273c4b3, org.springframework.security.web.servletapi.SecurityContextHolderAwareRequestFilter@7b3d3d3d, org.springframework.security.web.authentication.AnonymousAuthenticationFilter@673a702a, org.springframework.security.web.session.SessionManagementFilter@5016934, org.springframework.security.web.access.ExceptionTranslationFilter@5ea50a98, org.springframework.security.web.access.intercept.AuthorizationFilter@564e0a6c]
2025-06-11 13:37:18.181 [main] INFO  o.a.coyote.http11.Http11NioProtocol - Starting ProtocolHandler ["http-nio-8080"]
2025-06-11 13:37:18.191 [main] INFO  o.s.b.w.e.tomcat.TomcatWebServer - Tomcat started on port 8080 (http) with context path '/'
2025-06-11 13:37:18.199 [main] INFO  com.superlawva.BackApplication - Started BackApplication in 3.848 seconds (process running for 4.277)
2025-06-11 13:39:22.277 [SpringApplicationShutdownHook] INFO  o.s.o.j.LocalContainerEntityManagerFactoryBean - Closing JPA EntityManagerFactory for persistence unit 'default'
2025-06-11 13:39:22.278 [SpringApplicationShutdownHook] INFO  com.zaxxer.hikari.HikariDataSource - HikariPool-1 - Shutdown initiated...
2025-06-11 13:39:22.285 [SpringApplicationShutdownHook] INFO  com.zaxxer.hikari.HikariDataSource - HikariPool-1 - Shutdown completed.
2025-06-11 13:39:24.193 [main] INFO  com.superlawva.BackApplication - Starting BackApplication using Java 17.0.13 with PID 12152 (C:\Users\user\Documents\BE\SuperLawVA\back\build\classes\java\main started by user in C:\Users\user\Documents\BE\SuperLawVA\back)
2025-06-11 13:39:24.195 [main] INFO  com.superlawva.BackApplication - The following 1 profile is active: "-Dspring.output.ansi.enabled=always"
2025-06-11 13:39:24.779 [main] INFO  o.s.d.r.c.RepositoryConfigurationDelegate - Bootstrapping Spring Data JPA repositories in DEFAULT mode.
2025-06-11 13:39:24.849 [main] INFO  o.s.d.r.c.RepositoryConfigurationDelegate - Finished Spring Data repository scanning in 62 ms. Found 12 JPA repository interfaces.
2025-06-11 13:39:25.210 [main] INFO  o.s.b.w.e.tomcat.TomcatWebServer - Tomcat initialized with port 8080 (http)
2025-06-11 13:39:25.217 [main] INFO  o.a.coyote.http11.Http11NioProtocol - Initializing ProtocolHandler ["http-nio-8080"]
2025-06-11 13:39:25.218 [main] INFO  o.a.catalina.core.StandardService - Starting service [Tomcat]
2025-06-11 13:39:25.218 [main] INFO  o.a.catalina.core.StandardEngine - Starting Servlet engine: [Apache Tomcat/10.1.24]
2025-06-11 13:39:25.260 [main] INFO  o.a.c.c.C.[Tomcat].[localhost].[/] - Initializing Spring embedded WebApplicationContext
2025-06-11 13:39:25.261 [main] INFO  o.s.b.w.s.c.ServletWebServerApplicationContext - Root WebApplicationContext: initialization completed in 1034 ms
2025-06-11 13:39:25.371 [main] INFO  o.h.jpa.internal.util.LogHelper - HHH000204: Processing PersistenceUnitInfo [name: default]
2025-06-11 13:39:25.412 [main] INFO  org.hibernate.Version - HHH000412: Hibernate ORM core version 6.5.2.Final
2025-06-11 13:39:25.437 [main] INFO  o.h.c.i.RegionFactoryInitiator - HHH000026: Second-level cache disabled
2025-06-11 13:39:25.662 [main] INFO  o.s.o.j.p.SpringPersistenceUnitInfo - No LoadTimeWeaver setup: ignoring JPA class transformer
2025-06-11 13:39:25.681 [main] INFO  com.zaxxer.hikari.HikariDataSource - HikariPool-1 - Starting...
2025-06-11 13:39:25.866 [main] INFO  com.zaxxer.hikari.pool.HikariPool - HikariPool-1 - Added connection com.mysql.cj.jdbc.ConnectionImpl@6338afe2
2025-06-11 13:39:25.868 [main] INFO  com.zaxxer.hikari.HikariDataSource - HikariPool-1 - Start completed.
2025-06-11 13:39:25.910 [main] WARN  org.hibernate.orm.deprecation - HHH90000025: MySQLDialect does not need to be specified explicitly using 'hibernate.dialect' (remove the property setting and it will be selected by default)
2025-06-11 13:39:26.682 [main] INFO  o.h.e.t.j.p.i.JtaPlatformInitiator - HHH000489: No JTA platform available (set 'hibernate.transaction.jta.platform' to enable JTA platform integration)
2025-06-11 13:39:26.786 [main] INFO  o.s.o.j.LocalContainerEntityManagerFactoryBean - Initialized JPA EntityManagerFactory for persistence unit 'default'
2025-06-11 13:39:27.128 [main] WARN  o.s.b.a.o.j.JpaBaseConfiguration$JpaWebConfiguration - spring.jpa.open-in-view is enabled by default. Therefore, database queries may be performed during view rendering. Explicitly configure spring.jpa.open-in-view to disable this warning
2025-06-11 13:39:27.191 [main] INFO  o.s.s.c.a.a.c.InitializeUserDetailsBeanManagerConfigurer$InitializeUserDetailsManagerConfigurer - Global AuthenticationManager configured with UserDetailsService bean with name customUserDetailsService
2025-06-11 13:39:27.419 [main] INFO  o.s.s.web.DefaultSecurityFilterChain - Will secure any request with [org.springframework.security.web.session.DisableEncodeUrlFilter@43300e64, org.springframework.security.web.context.request.async.WebAsyncManagerIntegrationFilter@27ae6f9e, org.springframework.security.web.context.SecurityContextHolderFilter@697797e4, org.springframework.security.web.header.HeaderWriterFilter@1967c032, org.springframework.web.filter.CorsFilter@4fdea2de, org.springframework.security.web.authentication.logout.LogoutFilter@51c660c8, org.springframework.security.oauth2.client.web.OAuth2AuthorizationRequestRedirectFilter@623cd12e, org.springframework.security.oauth2.client.web.OAuth2LoginAuthenticationFilter@77227b1f, com.superlawva.global.security.filter.JwtAuthFilter@5ea24702, org.springframework.security.web.authentication.ui.DefaultLoginPageGeneratingFilter@7d96618, org.springframework.security.web.authentication.ui.DefaultLogoutPageGeneratingFilter@1da2219c, org.springframework.security.web.savedrequest.RequestCacheAwareFilter@56a34c0e, org.springframework.security.web.servletapi.SecurityContextHolderAwareRequestFilter@436867c3, org.springframework.security.web.authentication.AnonymousAuthenticationFilter@49a46f29, org.springframework.security.web.session.SessionManagementFilter@3d7d920b, org.springframework.security.web.access.ExceptionTranslationFilter@1d0b4b69, org.springframework.security.web.access.intercept.AuthorizationFilter@6fc9c0cc]
2025-06-11 13:39:27.696 [main] INFO  o.a.coyote.http11.Http11NioProtocol - Starting ProtocolHandler ["http-nio-8080"]
2025-06-11 13:39:27.707 [main] INFO  o.s.b.w.e.tomcat.TomcatWebServer - Tomcat started on port 8080 (http) with context path '/'
2025-06-11 13:39:27.713 [main] INFO  com.superlawva.BackApplication - Started BackApplication in 3.917 seconds (process running for 4.364)
2025-06-11 13:40:04.502 [SpringApplicationShutdownHook] INFO  o.s.o.j.LocalContainerEntityManagerFactoryBean - Closing JPA EntityManagerFactory for persistence unit 'default'
2025-06-11 13:40:04.504 [SpringApplicationShutdownHook] INFO  com.zaxxer.hikari.HikariDataSource - HikariPool-1 - Shutdown initiated...
2025-06-11 13:40:04.510 [SpringApplicationShutdownHook] INFO  com.zaxxer.hikari.HikariDataSource - HikariPool-1 - Shutdown completed.
2025-06-11 13:40:06.431 [main] INFO  com.superlawva.BackApplication - Starting BackApplication using Java 17.0.13 with PID 17960 (C:\Users\user\Documents\BE\SuperLawVA\back\build\classes\java\main started by user in C:\Users\user\Documents\BE\SuperLawVA\back)
2025-06-11 13:40:06.433 [main] INFO  com.superlawva.BackApplication - No active profile set, falling back to 1 default profile: "default"
2025-06-11 13:40:07.018 [main] INFO  o.s.d.r.c.RepositoryConfigurationDelegate - Bootstrapping Spring Data JPA repositories in DEFAULT mode.
2025-06-11 13:40:07.095 [main] INFO  o.s.d.r.c.RepositoryConfigurationDelegate - Finished Spring Data repository scanning in 71 ms. Found 12 JPA repository interfaces.
2025-06-11 13:40:07.449 [main] INFO  o.s.b.w.e.tomcat.TomcatWebServer - Tomcat initialized with port 8080 (http)
2025-06-11 13:40:07.455 [main] INFO  o.a.coyote.http11.Http11NioProtocol - Initializing ProtocolHandler ["http-nio-8080"]
2025-06-11 13:40:07.457 [main] INFO  o.a.catalina.core.StandardService - Starting service [Tomcat]
2025-06-11 13:40:07.457 [main] INFO  o.a.catalina.core.StandardEngine - Starting Servlet engine: [Apache Tomcat/10.1.24]
2025-06-11 13:40:07.499 [main] INFO  o.a.c.c.C.[Tomcat].[localhost].[/] - Initializing Spring embedded WebApplicationContext
2025-06-11 13:40:07.499 [main] INFO  o.s.b.w.s.c.ServletWebServerApplicationContext - Root WebApplicationContext: initialization completed in 1037 ms
2025-06-11 13:40:07.608 [main] INFO  o.h.jpa.internal.util.LogHelper - HHH000204: Processing PersistenceUnitInfo [name: default]
2025-06-11 13:40:07.647 [main] INFO  org.hibernate.Version - HHH000412: Hibernate ORM core version 6.5.2.Final
2025-06-11 13:40:07.674 [main] INFO  o.h.c.i.RegionFactoryInitiator - HHH000026: Second-level cache disabled
2025-06-11 13:40:07.893 [main] INFO  o.s.o.j.p.SpringPersistenceUnitInfo - No LoadTimeWeaver setup: ignoring JPA class transformer
2025-06-11 13:40:07.912 [main] INFO  com.zaxxer.hikari.HikariDataSource - HikariPool-1 - Starting...
2025-06-11 13:40:08.106 [main] INFO  com.zaxxer.hikari.pool.HikariPool - HikariPool-1 - Added connection com.mysql.cj.jdbc.ConnectionImpl@4d0b7fd5
2025-06-11 13:40:08.107 [main] INFO  com.zaxxer.hikari.HikariDataSource - HikariPool-1 - Start completed.
2025-06-11 13:40:08.146 [main] WARN  org.hibernate.orm.deprecation - HHH90000025: MySQLDialect does not need to be specified explicitly using 'hibernate.dialect' (remove the property setting and it will be selected by default)
2025-06-11 13:40:08.897 [main] INFO  o.h.e.t.j.p.i.JtaPlatformInitiator - HHH000489: No JTA platform available (set 'hibernate.transaction.jta.platform' to enable JTA platform integration)
2025-06-11 13:40:08.998 [main] INFO  o.s.o.j.LocalContainerEntityManagerFactoryBean - Initialized JPA EntityManagerFactory for persistence unit 'default'
2025-06-11 13:40:09.346 [main] WARN  o.s.b.a.o.j.JpaBaseConfiguration$JpaWebConfiguration - spring.jpa.open-in-view is enabled by default. Therefore, database queries may be performed during view rendering. Explicitly configure spring.jpa.open-in-view to disable this warning
2025-06-11 13:40:09.409 [main] INFO  o.s.s.c.a.a.c.InitializeUserDetailsBeanManagerConfigurer$InitializeUserDetailsManagerConfigurer - Global AuthenticationManager configured with UserDetailsService bean with name customUserDetailsService
2025-06-11 13:40:09.600 [main] INFO  o.s.s.web.DefaultSecurityFilterChain - Will secure any request with [org.springframework.security.web.session.DisableEncodeUrlFilter@57421e4e, org.springframework.security.web.context.request.async.WebAsyncManagerIntegrationFilter@5a75bad4, org.springframework.security.web.context.SecurityContextHolderFilter@1967c032, org.springframework.security.web.header.HeaderWriterFilter@6314e967, org.springframework.web.filter.CorsFilter@77227b1f, org.springframework.security.web.authentication.logout.LogoutFilter@327af731, org.springframework.security.oauth2.client.web.OAuth2AuthorizationRequestRedirectFilter@796d0b43, org.springframework.security.oauth2.client.web.OAuth2LoginAuthenticationFilter@44992466, com.superlawva.global.security.filter.JwtAuthFilter@73136174, org.springframework.security.web.authentication.ui.DefaultLoginPageGeneratingFilter@436867c3, org.springframework.security.web.authentication.ui.DefaultLogoutPageGeneratingFilter@34e4a136, org.springframework.security.web.savedrequest.RequestCacheAwareFilter@3d7d920b, org.springframework.security.web.servletapi.SecurityContextHolderAwareRequestFilter@4540aade, org.springframework.security.web.authentication.AnonymousAuthenticationFilter@43300e64, org.springframework.security.web.session.SessionManagementFilter@4434eb51, org.springframework.security.web.access.ExceptionTranslationFilter@fd07138, org.springframework.security.web.access.intercept.AuthorizationFilter@269a37bc]
2025-06-11 13:40:09.816 [main] INFO  o.a.coyote.http11.Http11NioProtocol - Starting ProtocolHandler ["http-nio-8080"]
2025-06-11 13:40:09.826 [main] INFO  o.s.b.w.e.tomcat.TomcatWebServer - Tomcat started on port 8080 (http) with context path '/'
2025-06-11 13:40:09.834 [main] INFO  com.superlawva.BackApplication - Started BackApplication in 3.806 seconds (process running for 4.296)
2025-06-11 13:40:58.378 [http-nio-8080-exec-1] INFO  o.a.c.c.C.[Tomcat].[localhost].[/] - Initializing Spring DispatcherServlet 'dispatcherServlet'
2025-06-11 13:40:58.378 [http-nio-8080-exec-1] INFO  o.s.web.servlet.DispatcherServlet - Initializing Servlet 'dispatcherServlet'
2025-06-11 13:40:58.379 [http-nio-8080-exec-1] INFO  o.s.web.servlet.DispatcherServlet - Completed initialization in 1 ms
2025-06-11 13:40:59.034 [http-nio-8080-exec-9] INFO  o.s.api.AbstractOpenApiResource - Init duration for springdoc-openapi is: 424 ms
2025-06-11 13:42:27.380 [SpringApplicationShutdownHook] INFO  o.s.o.j.LocalContainerEntityManagerFactoryBean - Closing JPA EntityManagerFactory for persistence unit 'default'
2025-06-11 13:42:27.381 [SpringApplicationShutdownHook] INFO  com.zaxxer.hikari.HikariDataSource - HikariPool-1 - Shutdown initiated...
2025-06-11 13:42:27.386 [SpringApplicationShutdownHook] INFO  com.zaxxer.hikari.HikariDataSource - HikariPool-1 - Shutdown completed.
